2561-05-22 12:20:41> Program: Starting Squirrel Updater: --createShortcut GitHubDesktop.exe -l StartMenu,Desktop
2561-05-22 12:20:41> ApplyReleasesImpl: About to create shortcuts for GitHubDesktop.exe, rootAppDir C:\Users\Administrator\AppData\Local\GitHubDesktop
2561-05-22 12:20:41> ApplyReleasesImpl: Creating shortcut for GitHubDesktop.exe => C:\Users\Administrator\AppData\Roaming\Microsoft\Windows\Start Menu\Programs\GitHub, Inc.\GitHub Desktop.lnk
2561-05-22 12:20:41> ApplyReleasesImpl: About to save shortcut: C:\Users\Administrator\AppData\Roaming\Microsoft\Windows\Start Menu\Programs\GitHub, Inc.\GitHub Desktop.lnk (target C:\Users\Administrator\AppData\Local\GitHubDesktop\GitHubDesktop.exe, workingDir C:\Users\Administrator\AppData\Local\GitHubDesktop\app-1.1.1, args , toastActivatorCSLID 27d44d0c-a542-5b90-bcdb-ac3126048ba2)
2561-05-22 12:20:41> ApplyReleasesImpl: Creating shortcut for GitHubDesktop.exe => D:\User\Desktop\GitHub Desktop.lnk
2561-05-22 12:20:41> ApplyReleasesImpl: About to save shortcut: D:\User\Desktop\GitHub Desktop.lnk (target C:\Users\Administrator\AppData\Local\GitHubDesktop\GitHubDesktop.exe, workingDir C:\Users\Administrator\AppData\Local\GitHubDesktop\app-1.1.1, args , toastActivatorCSLID 27d44d0c-a542-5b90-bcdb-ac3126048ba2)
2561-05-22 12:20:41> ApplyReleasesImpl: Examining Pin: Android Studio.lnk
2561-05-22 12:20:41> ApplyReleasesImpl: Examining Pin: Atom.lnk
2561-05-22 12:20:41> ApplyReleasesImpl: Examining Pin: Aurora.lnk
2561-05-22 12:20:41> ApplyReleasesImpl: Examining Pin: Bandisoft - bdcam.lnk
2561-05-22 12:20:41> ApplyReleasesImpl: Examining Pin: Black Desert.lnk
2561-05-22 12:20:41> ApplyReleasesImpl: Examining Pin: Calculator.lnk
2561-05-22 12:20:41> ApplyReleasesImpl: Examining Pin: Command Prompt.lnk
2561-05-22 12:20:41> ApplyReleasesImpl: Examining Pin: DAEMON Tools Lite.lnk
2561-05-22 12:20:41> ApplyReleasesImpl: Examining Pin: GeForce Experience.lnk
2561-05-22 12:20:41> ApplyReleasesImpl: Examining Pin: Google Chrome (2).lnk
2561-05-22 12:20:41> ApplyReleasesImpl: Examining Pin: Google Chrome.lnk
2561-05-22 12:20:41> ApplyReleasesImpl: Examining Pin: IntelliJ IDEA Community Edition 2018.1.3 x64.lnk
2561-05-22 12:20:41> ApplyReleasesImpl: Examining Pin: Internet Explorer.lnk
2561-05-22 12:20:41> ApplyReleasesImpl: Examining Pin: Notepad.lnk
2561-05-22 12:20:41> ApplyReleasesImpl: Examining Pin: Nox (2).lnk
2561-05-22 12:20:41> ApplyReleasesImpl: Examining Pin: Opera Browser.lnk
2561-05-22 12:20:41> ApplyReleasesImpl: Examining Pin: TeamViewer 13.lnk
2561-05-22 12:20:41> ApplyReleasesImpl: Examining Pin: Vegas Pro 14.0 (64-bit).lnk
2561-05-22 12:20:41> ApplyReleasesImpl: Examining Pin: VMware Workstation Pro.lnk
2561-05-22 12:20:41> ApplyReleasesImpl: Examining Pin: Windows Explorer (2).lnk
2561-05-22 12:20:41> ApplyReleasesImpl: Examining Pin: Windows Explorer (3).lnk
2561-05-22 12:20:41> ApplyReleasesImpl: Examining Pin: Windows Explorer.lnk
2561-05-22 12:20:41> ApplyReleasesImpl: Examining Pin: Windows Media Player (2).lnk
2561-05-22 12:20:41> ApplyReleasesImpl: Examining Pin: Windows Media Player.lnk
2561-05-22 12:20:41> ApplyReleasesImpl: Examining Pin: XAMPP Control Panel.lnk
2561-05-22 12:20:41> ApplyReleasesImpl: Examining Pin: การีน่า พลัส.lnk
2561-05-22 12:20:44> Program: Starting Squirrel Updater: --checkForUpdate https://central.github.com/api/deployments/desktop/desktop/latest?version=1.1.1&env=production
2561-05-22 12:20:44> Program: Fetching update information, downloading from https://central.github.com/api/deployments/desktop/desktop/latest?version=1.1.1&env=production
2561-05-22 12:20:44> CheckForUpdateImpl: Generated new staging user ID: 734ff3dd-fdcd-5951-bef6-8276757738c2
2561-05-22 12:20:44> CheckForUpdateImpl: Downloading RELEASES file from https://central.github.com/api/deployments/desktop/desktop/latest?version=1.1.1&env=production
2561-05-22 12:20:45> FileDownloader: Downloading url: https://central.github.com/api/deployments/desktop/desktop/latest/RELEASES?version=1.1.1&env=production&id=GitHubDesktop&localVersion=1.1.1&arch=amd64
2561-05-22 12:35:04> Program: Starting Squirrel Updater: --checkForUpdate https://central.github.com/api/deployments/desktop/desktop/latest?version=1.1.1&env=production
2561-05-22 12:35:05> Program: Fetching update information, downloading from https://central.github.com/api/deployments/desktop/desktop/latest?version=1.1.1&env=production
2561-05-22 12:35:05> CheckForUpdateImpl: Using existing staging user ID: 734ff3dd-fdcd-5951-bef6-8276757738c2
2561-05-22 12:35:05> CheckForUpdateImpl: Downloading RELEASES file from https://central.github.com/api/deployments/desktop/desktop/latest?version=1.1.1&env=production
2561-05-22 12:35:05> FileDownloader: Downloading url: https://central.github.com/api/deployments/desktop/desktop/latest/RELEASES?version=1.1.1&env=production&id=GitHubDesktop&localVersion=1.1.1&arch=amd64
